
Error results for RHC
---------------------------
247.069
246.796
246.796
244.405
244.405
244.121
252.509
244.201
244.121
237.870
237.930
240.428
238.494
242.788
243.021
325.743
235.317
235.359
235.241
234.109
234.109
238.596
228.178
228.627
235.729
223.066
223.955
229.047
223.066
223.008
222.810
223.202
216.795
216.764
187.550
197.280
187.550
187.762
187.435
187.435
187.722
186.735
186.364
184.160
183.796
183.742
182.598
182.354
182.100
181.515
182.540
181.515
181.559
181.515
177.294
177.293
178.160
180.120
177.281
177.481
177.211
175.913
174.608
175.147
174.608
174.609
174.570
174.393
174.996
187.459
174.080
174.464
174.080
174.051
174.042
174.358
174.062
174.619
172.305
172.272
172.213
172.213
173.087
172.213
172.085
172.018
172.018
169.289
169.294
169.281
169.281
169.325
169.281
169.281
170.695
169.426
169.285
169.281
167.630
167.630
167.628
168.529
167.654
167.393
167.391
167.278
167.278
167.278
166.173
166.173
166.167
166.014
166.122
165.875
165.962
165.778
166.057
165.779
165.778
165.638
165.642
165.733
165.608
165.622
166.224
165.608
165.548
165.553
165.665
165.921
165.641
165.560
165.212
165.628
165.167
165.167
165.318
165.050
165.050
165.097
164.960
164.960
164.960
165.040
165.267
165.125
165.135
164.714
164.714
164.708
165.027
164.457
164.610
164.711
164.521
164.454
165.129
164.793
164.502
164.454
164.846
164.454
164.454
163.887
163.898
163.840
163.840
163.840
164.345
163.956
164.981
163.693
163.619
163.250
163.141
163.141
164.387
163.130
163.739
163.130
165.315
163.422
163.194
163.133
162.049
162.053
162.058
162.040
162.037
162.017
162.008
162.052
161.451
161.547
161.763
162.900
161.315
161.307
161.304
161.304
161.304
163.631
161.445
163.235
161.304
161.304
161.371
161.851
161.304
161.236
161.236
161.283
161.237
161.232
161.229
161.983
161.197
161.203
161.197
161.233
161.196
161.196
161.142
161.141
161.179
161.219
161.320
161.821
160.996
160.996
163.240
160.996
160.991
161.482
161.001
160.996
161.231
160.990
160.991
160.976
161.095
160.977
161.095
162.509
160.976
161.037
160.988
161.678
161.091
161.134
160.976
161.522
161.654
160.976
161.508
160.978
160.976
160.976
160.976
160.975
161.250
160.975
161.616
161.048
162.383
161.553
160.649
161.267
160.649
160.649
160.803
160.649
161.807
160.616
161.310
160.499
160.502
160.508
160.499
160.501
160.550
161.708
161.635
160.438
160.580
160.400
160.400
160.401
160.400
160.276
163.043
160.015
159.927
159.915
159.914
159.915
160.485
160.184
160.145
159.912
160.411
159.912
160.208
159.912
159.922
164.799
159.954
159.912
159.912
160.444
159.911
159.753
159.755
159.763
159.888
159.394
160.330
159.931
159.287
159.278
159.234
159.567
159.068
160.963
159.067
159.063
160.475
161.248
159.064
159.772
159.050
160.122
159.066
159.050
159.050
159.096
159.050
159.237
159.194
159.050
159.051
159.049
157.700
157.700
157.555
157.599
157.567
157.946
163.530
158.094
157.552
157.096
159.054
157.116
157.411
157.096
156.849
156.849
156.813
157.553
157.115
156.814
156.809
156.864
157.418
156.806
156.806
156.777
156.777
156.772
156.772
156.772
156.783
156.867
158.664
156.772
156.770
156.770
156.769
156.769
155.923
157.958
156.323
155.923
156.413
155.923
155.928
155.919
157.294
156.441
155.919
155.914
155.898
155.952
155.898
156.149
156.309
155.900
155.896
156.341
159.642
155.896
156.378
157.817
155.896
155.896
156.101
155.329
155.181
155.204
159.495
156.552
155.182
157.195
155.341
155.181
155.180
155.181
155.546
155.180
155.180
155.181
155.174
155.174
155.220
155.174
155.174
155.163
158.951
155.148
155.148
155.231
168.958
155.044
155.044
158.348
154.747
154.746
154.728
159.503
154.771
154.730
154.784
154.706
154.895
154.839
154.680
154.700
154.697
154.680
154.680
155.758
155.800
154.680
156.018
155.287
154.680
154.685
154.688
159.815
154.680
154.717
154.637
154.637
161.594
154.637
154.637
156.461
154.637
154.610
154.121
154.121
154.153
154.127
154.110
157.189
153.529
153.532
153.031
153.537
154.060
153.031
153.031
153.031
153.890
153.031
161.897
153.031
155.023
152.823
152.823
152.823
152.823
152.831
152.823
152.822
152.822
152.842
153.002
152.939
152.806
152.806
152.803
152.803
152.803
152.807
153.267
152.796
153.759
155.486
153.101
152.778
152.800
152.810
152.778
152.751
152.751
152.706
152.725
152.059
155.477
152.059
152.059
151.612
152.495
151.612
151.681
151.612
151.612
151.614
153.128
151.922
151.612
153.168
151.612
151.676
151.612
151.769
151.612
151.612
151.712
159.532
152.987
151.292
151.292
151.303
154.804
151.292
151.292
152.620
152.120
151.292
151.292
150.463
149.303
149.323
149.988
153.799
148.929
148.929
148.929
149.826
149.087
148.926
149.713
148.929
152.986
148.655
150.056
148.655
148.655
148.414
153.406
148.271
148.267
148.267
148.181
148.178
147.737
147.737
147.692
149.989
147.698
148.030
147.385
147.392
147.612
147.385
147.385
147.331
147.331
147.022
147.040
146.364
153.539
150.033
146.364
146.759
149.692
147.413
146.364
146.364
146.364
149.346
146.365
146.245
148.432
146.245
146.245
147.807
146.246
146.611
146.245
148.478
146.245
146.245
147.250
146.622
146.288
146.296
149.408
145.966
145.966
145.966
145.966
145.966
146.398
145.966
146.643
145.966
145.966
145.206
145.205
145.360
144.481
144.481
144.680
144.481
156.714
144.788
147.640
144.481
144.440
142.752
142.708
143.493
142.708
143.489
142.708
147.227
142.708
145.344
142.708
143.314
143.333
142.708
142.657
149.131
146.249
142.823
142.603
151.603
142.603
148.021
142.603
142.603
142.603
142.603
142.603
142.614
142.589
145.885
142.476
142.476
142.474
142.476
142.100
142.394
141.746
141.746
141.746
142.000
144.066
141.857
141.746
141.745
141.725
140.641
140.641
140.641
140.641
140.641
141.118
140.641
140.641
144.916
140.641
140.637
140.786
140.637
140.637
139.571
139.571
139.583
139.562
139.561
139.951
139.865
141.788
139.558
139.558
139.523
139.526
139.503
141.679
139.506
140.811
139.503
139.503
139.503
138.830
138.875
138.830
138.830
138.830
138.832
138.833
138.827
138.827
138.675
138.675
138.715
138.675
141.206
140.675
138.675
138.785
138.675
139.680
138.675
137.771
137.771
137.771
141.396
139.172
139.688
137.771
137.771
137.771
138.247
138.714
157.753
137.771
137.771
137.771
137.770
137.770
137.762
137.762
136.216
140.591
136.146
136.787
136.291
136.147
162.112
136.771
136.146
136.869
136.146
136.146
136.572
138.676
136.146
136.144
136.144
136.161
136.186
137.387
137.483
136.353
136.144
142.665
137.288
136.624
136.260
136.144
136.560
136.526
136.145
136.203
136.145
136.338
136.025
136.471
136.030
136.146
136.025
144.935
136.455
136.196
141.215
136.025
137.674
140.741
136.025
136.218
136.840
136.025
136.036
136.025
136.033
136.353
136.257
141.711
136.025
136.025
136.025
136.025
136.025
136.934
136.040
136.269
145.552
136.025
136.025
136.017
140.329
136.017
187.349
136.017
136.016
141.372
136.016
136.800
137.173
136.016
135.928
135.927
137.122
135.927
136.127
135.926
137.319
135.926
135.583
135.811
135.583
135.583
135.583
135.677
135.583
136.379
135.583
135.561
136.055
135.561
156.452
135.561
135.560
135.560
135.560
135.560
135.884
135.560
135.560
135.817
135.560
136.767
135.560
136.188
135.560
135.548
135.548
145.702
135.548
136.069
136.178
137.436
135.548
135.303
135.935
135.613
135.982
135.308
135.879
152.336
136.082
135.304
140.052
135.303
135.303
134.069
134.075
151.952
159.850
134.069
134.069
134.233
145.528
134.600
134.966
134.233
134.037
134.591
134.037
134.314
135.804
134.037
154.933
135.137
134.005
140.848
139.378
136.630
134.005
134.043
134.005
134.160
134.005
134.028
134.005
136.416
134.596
134.005
134.005
134.032
134.005
134.028
143.256
138.383
135.949
133.948
133.948
133.948
141.775
139.064
133.770
133.447
133.756
133.447
133.558
133.447
133.998
133.447
184.258
133.447
140.857
135.207
143.587
133.447
133.447
133.549
133.447
135.325
133.007
137.858
133.007
141.205
133.573
132.999
132.998
132.998
132.999
133.548
133.136
132.998
132.998
154.740
132.998
136.253
133.024
133.449
132.998
132.998
132.998
132.998
133.081
133.762
132.998
132.998
133.028
132.998
144.878
132.998
132.998
133.472
135.158
132.998
132.998
133.103
132.998
134.300
132.998
132.998
133.000
171.923
132.998
133.099
133.026

Error results for SA
---------------------------
519.001
520.322
520.322
476.823
462.682
462.682
469.931
559.357
560.388
561.930
567.072
567.558
554.895
554.895
551.987
551.987
547.398
552.457
552.602
546.241
552.449
547.499
530.739
530.527
527.094
468.950
468.082
465.851
469.263
467.679
463.804
468.811
496.797
500.924
499.267
477.598
474.488
498.272
487.742
539.913
539.913
537.600
530.494
531.500
525.715
520.602
522.790
522.243
498.644
516.873
530.374
537.542
551.698
495.576
483.887
494.247
520.079
537.660
537.612
538.188
569.321
727.505
727.505
725.675
724.896
714.108
621.264
624.857
631.841
630.524
659.308
639.625
639.625
639.625
638.056
639.759
650.506
649.605
649.605
639.494
657.016
664.916
684.849
696.601
694.442
694.442
677.499
677.499
677.499
682.765
687.269
685.085
685.085
689.892
703.862
712.188
717.724
715.560
659.060
659.060
655.684
647.160
647.160
650.732
666.354
690.564
704.125
704.125
704.125
696.823
741.646
782.712
798.161
789.300
792.755
791.760
791.760
790.744
637.030
603.566
540.552
537.200
541.521
529.155
529.954
531.642
542.510
556.255
597.014
583.782
583.128
591.170
592.964
581.842
584.598
573.901
546.755
511.877
512.980
514.208
533.115
541.928
541.595
540.322
537.248
537.248
539.112
557.690
574.677
574.928
574.870
644.354
647.301
647.719
638.403
626.554
622.465
622.465
622.032
622.362
627.864
627.864
636.801
649.765
645.863
642.791
556.130
563.483
575.539
538.193
543.120
543.368
597.862
584.528
578.773
578.773
569.023
569.023
569.023
572.191
572.191
571.674
572.879
509.037
509.037
526.782
528.018
528.221
748.748
757.149
757.442
759.829
758.543
758.668
819.060
804.895
718.653
747.461
741.121
735.118
735.266
792.373
787.145
789.547
843.077
848.698
813.274
814.790
894.475
943.804
940.455
940.360
937.280
937.280
893.013
972.278
977.225
876.426
866.524
825.440
870.525
871.015
873.381
876.715
861.171
865.547
881.516
884.319
927.552
914.518
914.518
793.570
790.299
808.659
813.721
847.538
845.383
850.536
841.302
843.701
855.386
856.998
883.374
848.962
848.677
1000.755
998.875
1001.944
1004.490
1008.853
989.139
859.281
858.035
858.035
861.404
933.083
902.684
1017.980
1018.603
1026.862
951.899
932.572
932.070
931.050
954.501
1021.432
1021.145
1006.576
1009.512
1009.322
1002.001
1000.121
1000.121
835.805
840.406
850.708
852.282
851.218
862.075
850.790
856.924
837.774
836.851
837.053
808.349
808.056
809.480
733.454
739.621
767.908
770.490
768.475
762.976
761.595
757.841
750.442
809.660
811.370
836.662
837.375
831.551
837.606
765.893
743.181
691.717
682.059
679.298
678.685
679.622
685.895
670.091
649.771
650.451
646.230
644.921
644.921
644.921
645.637
604.288
668.861
668.093
665.959
654.956
654.956
656.011
650.653
650.938
649.667
648.983
646.673
643.008
645.055
645.676
647.887
649.778
646.157
634.544
633.195
620.090
625.298
619.097
616.812
617.626
600.234
594.269
598.418
601.785
601.785
603.883
600.280
584.992
595.416
596.424
602.816
601.124
438.516
436.223
436.223
436.201
436.100
436.100
436.609
438.188
438.283
443.681
421.133
421.133
437.009
434.070
473.733
464.231
467.988
464.924
466.106
577.782
577.630
569.166
572.631
565.167
564.166
564.035
542.724
542.724
542.724
542.271
542.984
511.733
511.733
512.742
543.897
546.029
546.029
546.029
513.963
513.917
515.385
514.897
396.883
394.469
390.380
390.380
389.024
393.182
391.944
391.138
386.226
378.422
378.422
379.392
414.184
467.992
574.711
579.097
568.510
569.383
569.872
570.543
577.894
577.286
599.599
531.853
536.737
505.286
509.890
461.041
459.736
375.779
405.909
393.976
394.888
393.847
383.839
384.493
383.809
383.809
400.963
402.353
400.383
362.227
308.343
244.182
244.770
243.384
242.434
241.584
223.532
225.523
228.198
222.823
200.938
200.938
187.595
188.972
184.834
183.166
182.982
182.982
184.544
184.408
185.032
185.241
186.482
186.482
186.261
186.261
186.261
186.256
188.496
188.429
188.164
188.212
188.072
189.327
189.335
188.582
188.244
188.101
188.698
188.698
188.444
188.444
188.444
185.466
185.493
185.493
180.378
180.097
180.065
179.981
179.951
182.385
182.385
182.730
182.730
182.588
183.397
183.397
183.810
184.008
184.071
175.407
175.407
175.407
175.172
175.209
175.147
175.071
174.985
171.134
171.217
171.202
171.034
170.967
170.913
170.395
170.361
169.737
169.733
169.722
169.744
169.767
169.767
169.767
169.777
169.200
169.269
169.269
169.695
168.806
168.894
168.894
167.975
168.434
167.609
168.434
168.561
166.977
166.668
166.723
166.689
174.447
174.859
175.216
175.424
177.034
180.917
181.125
177.635
177.461
176.497
167.380
166.034
164.715
164.697
164.662
165.718
165.604
165.597
165.119
170.671
170.753
170.249
170.078
170.068
170.100
170.064
169.867
165.814
168.103
167.835
168.491
169.078
168.374
168.419
168.692
168.377
168.377
168.454
171.212
171.079
202.146
201.957
202.286
201.849
197.644
198.323
197.008
197.008
191.865
188.766
188.820
190.288
190.288
187.862
188.019
188.167
186.659
186.126
182.629
183.458
183.807
179.820
179.847
179.847
179.764
179.821
174.720
174.682
174.721
174.753
174.589
174.541
174.779
174.779
174.280
174.357
174.374
170.336
169.986
170.072
169.864
169.864
169.439
165.673
165.684
165.647
165.650
165.631
165.413
166.714
166.714
167.007
166.967
166.962
166.879
166.204
166.159
164.723
165.076
165.024
165.026
164.356
164.359
164.618
165.533
165.533
165.533
165.534
165.537
165.561
165.566
165.577
165.548
165.596
165.596
166.240
166.239
166.258
166.271
166.256
166.271
166.284
166.296
166.296
166.314
166.340
166.715
166.771
166.029
165.699
165.690
165.690
165.696
165.700
165.737
165.788
165.778
165.826
165.829
165.812
165.837
165.941
169.828
165.951
165.941
165.932
166.074
166.072
166.114
166.090
166.079
166.092
166.092
166.154
166.151
165.877
165.958
165.595
165.573
165.573
165.453
165.377
165.551
165.555
165.555
165.129
165.129
165.167
165.280
165.258
165.225
165.238
165.202
165.189
165.222
165.593
165.568
165.568
165.568
165.584
165.563
165.545
165.535
165.204
165.229
165.173
165.173
165.173
165.120
165.118
165.118
165.068
164.995
164.999
164.990
164.990
164.671
164.854
164.631
164.637
164.630
164.630
164.636
164.639
164.642
164.630
164.627
164.556
164.610
164.608
164.707
164.474
163.834
163.873
163.843
163.856
164.442
163.845
163.843
163.889
163.862
163.902
163.911
164.836
163.947
163.947
163.960
164.810
163.963
163.963
163.945
163.947
163.981
163.945
165.258
163.969
163.945
163.812
163.834
163.805
163.755
163.749
163.749
163.725
163.725
163.725
163.884
163.726
163.171
163.223
163.109
163.113
163.092
163.096
163.146
163.146
163.119
163.020
163.114
163.016
163.028
163.328
162.897
162.900
162.940
162.897
162.897
163.228
164.151
162.897
162.889
162.951
162.891
162.887
162.873
162.766
162.776
162.893
162.750
163.005
162.712
162.584
162.554
162.573
162.554
162.566
162.545
162.545
162.548
162.538
162.452
162.489
162.452
162.401
162.401
162.261
162.263
162.694
162.261
162.261
162.247
162.380
162.761
162.250
162.263
162.241
162.295
162.220
162.219
162.176
162.107
162.662
162.333
162.101
162.066
162.149
162.067
162.060
162.039
162.179
162.091
162.004
162.004
162.005
162.061
162.155
162.003
162.146
162.042
161.999
162.061
161.998
161.968
161.968
161.968
161.971
161.959
161.967
162.137
163.147
161.957
161.965
161.605
161.594
161.785
161.580
161.543
161.629
160.257
160.257
160.269
160.259
160.381
161.136
160.232
160.253
160.421
160.228
160.236
160.233
160.230
161.654
162.067
161.446
160.228
160.227
160.227
160.218
160.219
160.353
160.227
161.868
160.239
160.503
160.219
160.309
160.218
160.217
160.217
160.449
160.218
160.455
160.217
160.723
160.216
160.265
160.133
160.132
160.132
160.132
159.471
159.472
159.461
159.408
159.408
159.499
159.410
159.443
159.411
159.408
159.408
163.641
159.408
159.402
159.353
159.353
159.353
159.369
159.353
159.499
159.372
159.346
158.520
158.517
158.517
158.516
158.484
158.482
158.735
158.476
158.603
158.479
158.482
158.514
159.958
158.476
158.476
158.499
160.141
158.488
158.476
158.476
158.477
158.685
157.833
157.835
157.833
157.833
157.848
158.778
157.821
157.785
159.224
157.974
159.155
157.849
159.240
157.785
157.893
157.785
157.785
159.772
160.282
157.702
157.702
157.702
157.702
157.695
157.696
157.842

Error results for GA
---------------------------
405.962
469.674
490.691
376.172
296.518
418.497
789.270
304.915
237.753
239.296
271.282
269.574
268.926
418.866
416.316
234.929
323.450
393.527
322.867
264.892
234.838
247.619
279.825
215.630
243.428
267.290
200.267
220.786
315.755
234.319
336.160
229.511
221.392
274.327
194.721
193.833
203.156
253.070
208.307
189.940
189.237
179.959
185.985
189.851
212.494
188.001
253.026
182.703
182.514
214.317
187.446
193.129
193.129
182.301
197.795
179.678
211.715
222.694
195.518
182.283
181.200
189.115
176.172
190.234
187.723
180.150
182.421
178.822
216.093
182.887
185.807
177.713
177.749
181.734
186.706
187.489
177.591
192.054
206.096
189.207
194.728
182.640
178.570
175.020
177.674
183.693
183.791
183.616
180.599
174.515
183.581
178.949
177.118
177.955
181.828
178.833
175.974
184.778
175.620
193.583
189.383
180.913
181.009
181.455
174.491
177.497
173.055
185.938
181.169
191.545
175.564
173.805
179.313
173.043
176.443
177.394
175.191
183.824
172.119
173.668
171.437
179.914
171.438
174.503
172.851
185.856
178.652
176.237
172.874
175.409
173.636
174.507
172.031
206.204
174.183
231.069
173.105
177.523
173.511
171.879
176.825
176.239
173.739
173.209
172.549
172.564
171.995
172.191
174.349
172.038
177.732
176.552
189.230
173.915
180.090
171.614
174.266
172.582
175.812
171.661
175.606
171.616
173.792
175.803
172.940
172.003
172.648
178.189
174.822
175.677
172.993
171.697
172.059
173.405
172.492
172.550
174.888
175.743
174.689
182.112
171.897
178.468
172.757
172.806
174.137
171.465
172.078
174.314
174.458
174.469
173.149
172.923
173.090
172.004
172.432
173.159
172.400
170.727
174.131
172.970
172.116
174.125
175.826
173.690
171.732
171.064
172.583
171.505
171.919
174.130
173.063
173.158
173.326
173.175
172.850
175.653
171.898
173.235
171.862
172.095
172.185
172.164
173.253
174.077
175.268
172.957
174.797
172.702
173.898
173.885
174.437
176.247
175.195
174.538
170.430
172.945
172.660
173.264
176.415
171.831
172.204
172.227
173.076
173.030
172.052
174.523
174.437
171.020
175.444
173.516
173.025
172.220
172.437
176.705
173.186
171.879
172.248
174.561
172.557
176.354
174.112
174.393
171.624
171.033
176.415
173.883
172.103
184.079
174.735
175.765
172.882
171.249
173.759
173.678
179.952
173.040
177.150
172.429
177.150
174.884
170.812
174.350
173.416
172.286
172.064
172.246
172.725
170.803
172.379
175.557
172.633
171.769
173.655
171.131
171.645
170.674
179.280
175.795
172.133
174.357
172.562
173.234
170.680
174.007
174.595
172.472
170.152
172.224
172.464
172.897
174.391
172.836
170.397
170.270
175.902
173.096
170.721
171.825
174.735
173.194
171.347
170.869
172.333
171.263
173.343
172.770
171.085
170.863
169.988
173.010
171.406
172.794
172.299
174.589
172.066
172.381
171.892
172.251
173.469
174.271
173.352
172.448
172.575
171.366
171.958
174.702
172.372
171.772
178.576
172.512
173.474
170.975
172.586
171.021
172.616
172.688
172.251
177.066
172.063
171.649
172.057
171.917
171.798
172.084
171.137
171.379
171.553
171.837
173.056
173.158
171.732
172.336
173.107
171.639
171.973
173.161
170.849
171.081
171.375
171.733
172.273
172.868
171.509
171.133
170.920
171.325
171.821
172.792
172.103
172.310
172.170
171.718
172.099
171.010
171.483
171.204
172.092
170.833
172.302
172.378
171.663
170.761
172.988
171.126
171.681
171.822
171.753
171.484
172.591
171.177
171.768
172.816
172.012
171.484
171.180
170.598
171.911
172.558
173.279
170.982
171.882
171.384
171.356
171.863
177.792
170.990
172.239
172.784
170.689
171.702
171.255
172.207
171.624
170.571
173.545
173.399
172.034
171.344
171.358
172.157
171.739
170.925
171.508
172.012
171.462
172.064
170.672
171.731
172.602
171.636
173.398
171.239
171.747
171.955
172.373
171.891
172.253
172.529
171.285
174.257
171.424
170.974
172.936
170.810
172.109
170.928
173.580
170.098
171.787
173.608
173.339
171.331
171.054
170.322
171.424
174.557
172.090
173.361
172.041
171.242
173.018
174.178
170.348
172.153
171.391
171.972
174.837
171.049
171.000
172.077
170.537
173.353
172.282
173.106
176.390
169.603
171.422
173.898
171.990
171.767
170.196
171.793
169.928
172.038
170.823
171.676
175.074
171.477
171.918
172.249
170.392
172.482
172.279
171.774
173.386
172.110
171.586
172.034
172.665
170.652
170.808
175.212
172.139
172.535
172.117
171.914
172.111
174.572
173.075
171.179
171.274
171.272
172.044
172.640
172.423
172.679
171.811
171.794
172.418
172.194
172.188
174.573
173.269
172.302
172.882
172.907
172.430
176.149
171.528
177.793
169.399
171.227
170.543
173.849
172.173
170.462
171.531
173.173
172.994
172.132
172.701
174.902
173.102
171.479
172.615
171.400
172.077
174.629
172.122
171.194
171.602
171.981
171.685
172.533
171.567
171.815
171.675
171.581
169.996
173.965
172.686
170.814
171.077
172.464
170.984
171.888
172.103
172.713
172.208
171.926
174.293
171.203
173.669
171.792
171.509
172.754
172.412
171.764
175.174
171.936
170.510
171.366
172.167
176.005
171.289
170.264
171.147
175.530
174.121
169.728
171.767
173.242
170.704
170.846
171.506
170.586
171.002
171.279
170.754
170.942
171.849
170.448
172.915
170.973
169.667
171.332
173.162
171.688
177.225
173.341
170.210
171.007
172.526
171.621
170.505
169.677
169.671
171.031
181.224
170.659
171.886
172.362
170.670
171.465
172.283
170.888
172.197
171.908
171.165
172.203
171.591
171.303
169.912
170.572
171.064
169.858
172.945
170.461
171.530
171.555
170.016
170.380
170.905
171.197
171.090
172.065
171.167
171.227
170.551
170.460
170.623
172.701
170.460
172.719
172.005
171.671
171.189
170.679
171.680
170.826
171.001
172.844
171.165
170.488
171.630
171.725
189.780
171.394
173.259
171.408
173.007
170.776
173.359
171.666
170.833
171.286
171.539
172.412
171.735
171.806
172.185
171.535
171.551
170.260
170.288
170.824
171.138
171.786
171.638
171.237
170.308
171.344
168.614
170.380
171.103
171.063
170.480
170.582
170.431
171.998
171.239
171.468
170.375
170.783
171.498
169.922
171.379
172.216
172.363
173.027
170.146
171.656
173.677
172.389
170.929
171.318
170.747
172.727
172.092
171.051
170.656
170.717
172.769
171.693
171.550
170.417
170.840
171.056
170.041
170.983
169.314
170.225
170.931
170.535
170.587
170.639
172.486
171.693
170.384
171.774
171.768
171.201
169.154
170.928
170.739
170.154
171.512
170.528
171.561
172.233
170.996
171.265
171.916
171.147
171.091
170.382
172.159
169.110
167.754
172.495
169.961
170.921
171.365
172.537
174.913
171.909
171.008
171.607
170.216
171.095
168.908
175.736
171.974
168.524
168.860
174.022
170.164
167.826
174.849
169.538
170.446
170.272
167.216
170.564
170.147
170.070
170.094
169.615
169.684
167.701
168.062
168.106
171.576
170.026
170.007
169.427
168.179
170.446
169.278
171.318
169.752
169.197
168.879
169.865
166.757
165.841
176.992
169.778
170.220
168.119
170.517
170.049
169.845
171.484
170.107
167.794
177.981
169.752
169.729
168.802
171.624
169.797
175.730
169.856
169.764
170.256
168.431
170.592
170.032
170.263
169.269
174.405
170.138
170.458
168.172
169.373
169.677
168.555
170.044
169.887
169.170
169.894
168.391
167.920
172.653
170.331
168.120
170.379
169.526
170.004
171.030
171.218
168.571
170.244
167.941
168.438
169.233
169.338
168.886
169.456
169.446
169.321
168.994
170.546
169.727
172.119
167.965
167.884
168.856
167.438
168.245
170.664
168.678
169.264
168.523
168.335
168.876
169.884
168.620
169.973
172.107
167.267
170.224
168.314
170.669
167.495
166.877
167.793
168.528
169.482
169.125
169.874
167.530
166.783
167.601
168.141
168.928
168.943
170.413
168.946
167.674
168.469
168.548
168.910
171.161
168.622
168.755
171.140
169.744
167.614
170.825
167.189
170.080
169.693
167.588
168.936
167.360
168.751
170.540
166.815
167.048
166.793
168.232
169.977
168.551
170.633
167.734
170.056
169.511
168.832
168.695
171.764
171.246
167.610
167.751
167.339
167.646
167.903
170.324
167.358
167.917
174.495
170.220
168.089
167.749
169.926
168.822
168.536
168.265
169.564
168.418
167.810
166.979
169.765
169.752
166.923
168.151
167.155
168.882
167.238
167.307
167.997
167.869
169.347
167.957
167.658
169.257
167.796
169.228
167.508
169.548
168.999
168.237
168.248
169.312
167.893
166.757
167.200
167.012
169.119

Results for RHC: 
Correctly classified 3830.0 instances.
Incorrectly classified 347.0 instances.
Percent correctly classified: 91.693%
Training time: 10.983 seconds
Testing time: 0.050 seconds

Results for SA: 
Correctly classified 3813.0 instances.
Incorrectly classified 364.0 instances.
Percent correctly classified: 91.286%
Training time: 9.210 seconds
Testing time: 0.011 seconds

Results for GA: 
Correctly classified 3813.0 instances.
Incorrectly classified 364.0 instances.
Percent correctly classified: 91.286%
Training time: 217.182 seconds
Testing time: 0.013 seconds

