[129, 141, 66, 33]
[172, 67, 114, 119]
[178, 42, 83, 84]
[12, 195, 19, 52]
[162, 44, 95, 128]
[40, 44, 105, 49]
[59, 11, 156, 37]
[195, 68, 104, 163]
[187, 160, 89, 156]
[35, 183, 114, 168]
[63, 101, 175, 178]
[112, 32, 120, 114]
[184, 185, 41, 165]
[163, 142, 182, 154]
[49, 99, 76, 123]
[111, 177, 115, 46]
[93, 4, 135, 87]
[163, 156, 30, 173]
[21, 16, 52, 182]
[158, 9, 65, 87]
[40, 83, 13, 51]
[161, 131, 146, 191]
[113, 100, 159, 24]
[40, 101, 165, 122]
[93, 199, 105, 15]
[72, 69, 74, 112]
[97, 157, 189, 194]
[122, 109, 44, 136]
[103, 139, 182, 120]
[198, 14, 176, 101]
[145, 163, 48, 65]
[169, 4, 114, 157]
[196, 115, 67, 14]
[143, 175, 99, 93]
[39, 121, 120, 52]
[128, 78, 37, 88]
[97, 152, 185, 111]
[23, 163, 156, 55]
[37, 177, 93, 193]
[5, 123, 102, 32]
[105, 5, 161, 154]
[130, 77, 172, 138]
[130, 160, 39, 31]
[172, 160, 110, 116]
[9, 173, 130, 117]
[14, 103, 34, 11]
[40, 5, 32, 84]
[106, 158, 174, 146]
[133, 50, 38, 166]
[166, 75, 145, 97]
RHC: 340.0
Failed to find Max-K Color combination !
Time : 73
============================
SA: 340.0
Failed to find Max-K Color combination !
Time : 72
============================
GA: 350.0
Found Max-K Color Combination !
Time : 20
============================
MIMIC: 350.0
Found Max-K Color Combination !
Time : 24
