RHC: 43.0
RHC: Board Position: 
---Q------
--------Q-
----Q-----
-------Q--
-Q--------
-----Q----
---------Q
------Q---
Q---------
--Q-------

Time : 3
============================
SA: 44.0
SA: Board Position: 
-----Q----
-------Q--
Q---------
----Q-----
--Q-------
---------Q
------Q---
---Q------
-Q--------
--------Q-

Time : 0
============================
GA: 43.0
GA: Board Position: 
--Q-------
Q---------
-------Q--
-----Q----
-Q--------
---------Q
------Q---
--------Q-
---Q------
----Q-----

Time : 35
============================
MIMIC: 42.0
MIMIC: Board Position: 
----------
--------Q-
--Q-Q-----
-------Q-Q
-Q--------
---Q--Q---
----------
Q---------
----------
-----Q----

Time : 46
